This file contains any messages produced by compilers while
running configure, to aid debugging if configure makes a mistake.

It was created by mthread_dark_avg configure 1.0, which was
generated by GNU Autoconf 2.59.  Invocation command line was

  $ /home/sniu/lab/x_ray/src/mthread_dark_avg/mthread_dark_avg/configure 

## --------- ##
## Platform. ##
## --------- ##

hostname = ephesus.ece.iit.edu
uname -m = x86_64
uname -r = 2.6.18-348.el5
uname -s = Linux
uname -v = #1 SMP Wed Nov 28 21:22:00 EST 2012

/usr/bin/uname -p = unknown
/bin/uname -X     = unknown

/bin/arch              = x86_64
/usr/bin/arch -k       = unknown
/usr/convex/getsysinfo = unknown
hostinfo               = unknown
/bin/machine           = unknown
/usr/bin/oslevel       = unknown
/bin/universe          = unknown

PATH: /usr/lib64/qt-3.3/bin
PATH: /usr/kerberos/bin
PATH: /usr/local/bin
PATH: /bin
PATH: /usr/bin
PATH: /usr/NX/bin
PATH: /opt/dell/srvadmin/bin
PATH: /usr/NX/bin
PATH: /usr/NX/bin
PATH: /home/sniu/bin
PATH: /usr/NX/bin


## ----------- ##
## Core tests. ##
## ----------- ##

configure:1305: checking build system type
configure:1323: result: x86_64-unknown-linux-gnu
configure:1331: checking host system type
configure:1345: result: x86_64-unknown-linux-gnu
configure:1353: checking target system type
configure:1367: result: x86_64-unknown-linux-gnu
configure:1395: checking for a BSD-compatible install
configure:1450: result: /usr/bin/install -c
configure:1461: checking whether build environment is sane
configure:1504: result: yes
configure:1569: checking for gawk
configure:1585: found /bin/gawk
configure:1595: result: gawk
configure:1605: checking whether make sets $(MAKE)
configure:1625: result: yes
configure:1840: checking for gcc
configure:1856: found /usr/bin/gcc
configure:1866: result: gcc
configure:2110: checking for C compiler version
configure:2113: gcc --version </dev/null >&5
gcc (GCC) 4.1.2 20080704 (Red Hat 4.1.2-54)
Copyright (C) 2006 Free Software Foundation, Inc.
This is free software; see the source for copying conditions.  There is NO
warranty; not even for MERCHANTABILITY or FITNESS FOR A PARTICULAR PURPOSE.

configure:2116: $? = 0
configure:2118: gcc -v </dev/null >&5
Using built-in specs.
Target: x86_64-redhat-linux
Configured with: ../configure --prefix=/usr --mandir=/usr/share/man --infodir=/usr/share/info --enable-shared --enable-threads=posix --enable-checking=release --with-system-zlib --enable-__cxa_atexit --disable-libunwind-exceptions --enable-libgcj-multifile --enable-languages=c,c++,objc,obj-c++,java,fortran,ada --enable-java-awt=gtk --disable-dssi --disable-plugin --with-java-home=/usr/lib/jvm/java-1.4.2-gcj-1.4.2.0/jre --with-cpu=generic --host=x86_64-redhat-linux
Thread model: posix
gcc version 4.1.2 20080704 (Red Hat 4.1.2-54)
configure:2121: $? = 0
configure:2123: gcc -V </dev/null >&5
gcc: '-V' option must have argument
configure:2126: $? = 1
configure:2149: checking for C compiler default output file name
configure:2152: gcc    conftest.c  >&5
configure:2155: $? = 0
configure:2201: result: a.out
configure:2206: checking whether the C compiler works
configure:2212: ./a.out
configure:2215: $? = 0
configure:2232: result: yes
configure:2239: checking whether we are cross compiling
configure:2241: result: no
configure:2244: checking for suffix of executables
configure:2246: gcc -o conftest    conftest.c  >&5
configure:2249: $? = 0
configure:2274: result: 
configure:2280: checking for suffix of object files
configure:2301: gcc -c   conftest.c >&5
configure:2304: $? = 0
configure:2326: result: o
configure:2330: checking whether we are using the GNU C compiler
configure:2354: gcc -c   conftest.c >&5
configure:2360: $? = 0
configure:2364: test -z 
			 || test ! -s conftest.err
configure:2367: $? = 0
configure:2370: test -s conftest.o
configure:2373: $? = 0
configure:2386: result: yes
configure:2392: checking whether gcc accepts -g
configure:2413: gcc -c -g  conftest.c >&5
configure:2419: $? = 0
configure:2423: test -z 
			 || test ! -s conftest.err
configure:2426: $? = 0
configure:2429: test -s conftest.o
configure:2432: $? = 0
configure:2443: result: yes
configure:2460: checking for gcc option to accept ANSI C
configure:2530: gcc  -c -g -O2  conftest.c >&5
configure:2536: $? = 0
configure:2540: test -z 
			 || test ! -s conftest.err
configure:2543: $? = 0
configure:2546: test -s conftest.o
configure:2549: $? = 0
configure:2567: result: none needed
configure:2585: gcc -c -g -O2  conftest.c >&5
conftest.c:2: error: expected '=', ',', ';', 'asm' or '__attribute__' before 'me'
configure:2591: $? = 1
configure: failed program was:
| #ifndef __cplusplus
|   choke me
| #endif
configure:2735: checking for style of include used by make
configure:2763: result: GNU
configure:2791: checking dependency style of gcc
configure:2881: result: gcc3
configure:3041: creating ./config.status

## ---------------------- ##
## Running config.status. ##
## ---------------------- ##

This file was extended by mthread_dark_avg config.status 1.0, which was
generated by GNU Autoconf 2.59.  Invocation command line was

  CONFIG_FILES    = 
  CONFIG_HEADERS  = 
  CONFIG_LINKS    = 
  CONFIG_COMMANDS = 
  $ ./config.status 

on ephesus.ece.iit.edu

config.status:692: creating Makefile
config.status:692: creating src/Makefile
config.status:868: executing depfiles commands

## ---------------- ##
## Cache variables. ##
## ---------------- ##

ac_cv_build=x86_64-unknown-linux-gnu
ac_cv_build_alias=x86_64-unknown-linux-gnu
ac_cv_c_compiler_gnu=yes
ac_cv_env_CC_set=
ac_cv_env_CC_value=
ac_cv_env_CFLAGS_set=
ac_cv_env_CFLAGS_value=
ac_cv_env_CPPFLAGS_set=
ac_cv_env_CPPFLAGS_value=
ac_cv_env_LDFLAGS_set=
ac_cv_env_LDFLAGS_value=
ac_cv_env_build_alias_set=
ac_cv_env_build_alias_value=
ac_cv_env_host_alias_set=
ac_cv_env_host_alias_value=
ac_cv_env_target_alias_set=
ac_cv_env_target_alias_value=
ac_cv_exeext=
ac_cv_host=x86_64-unknown-linux-gnu
ac_cv_host_alias=x86_64-unknown-linux-gnu
ac_cv_objext=o
ac_cv_path_install='/usr/bin/install -c'
ac_cv_prog_AWK=gawk
ac_cv_prog_ac_ct_CC=gcc
ac_cv_prog_cc_g=yes
ac_cv_prog_cc_stdc=
ac_cv_prog_make_make_set=yes
ac_cv_target=x86_64-unknown-linux-gnu
ac_cv_target_alias=x86_64-unknown-linux-gnu
am_cv_CC_dependencies_compiler_type=gcc3

## ----------------- ##
## Output variables. ##
## ----------------- ##

ACLOCAL='${SHELL} /home/sniu/lab/x_ray/src/mthread_dark_avg/mthread_dark_avg/missing --run aclocal-1.9'
AMDEPBACKSLASH='\'
AMDEP_FALSE='#'
AMDEP_TRUE=''
AMTAR='${SHELL} /home/sniu/lab/x_ray/src/mthread_dark_avg/mthread_dark_avg/missing --run tar'
AUTOCONF='${SHELL} /home/sniu/lab/x_ray/src/mthread_dark_avg/mthread_dark_avg/missing --run autoconf'
AUTOHEADER='${SHELL} /home/sniu/lab/x_ray/src/mthread_dark_avg/mthread_dark_avg/missing --run autoheader'
AUTOMAKE='${SHELL} /home/sniu/lab/x_ray/src/mthread_dark_avg/mthread_dark_avg/missing --run automake-1.9'
AWK='gawk'
CC='gcc'
CCDEPMODE='depmode=gcc3'
CFLAGS='-g -O2'
CPPFLAGS=''
CYGPATH_W='echo'
DEFS='-DPACKAGE_NAME=\"mthread_dark_avg\" -DPACKAGE_TARNAME=\"mthread_dark_avg\" -DPACKAGE_VERSION=\"1.0\" -DPACKAGE_STRING=\"mthread_dark_avg\ 1.0\" -DPACKAGE_BUGREPORT=\"\" -DPACKAGE=\"mthread_dark_avg\" -DVERSION=\"1.0\" '
DEPDIR='.deps'
ECHO_C=''
ECHO_N='-n'
ECHO_T=''
EXEEXT=''
INSTALL_DATA='${INSTALL} -m 644'
INSTALL_PROGRAM='${INSTALL}'
INSTALL_SCRIPT='${INSTALL}'
INSTALL_STRIP_PROGRAM='${SHELL} $(install_sh) -c -s'
LDFLAGS=''
LIBOBJS=''
LIBS=''
LTLIBOBJS=''
MAKEINFO='${SHELL} /home/sniu/lab/x_ray/src/mthread_dark_avg/mthread_dark_avg/missing --run makeinfo'
OBJEXT='o'
PACKAGE='mthread_dark_avg'
PACKAGE_BUGREPORT=''
PACKAGE_NAME='mthread_dark_avg'
PACKAGE_STRING='mthread_dark_avg 1.0'
PACKAGE_TARNAME='mthread_dark_avg'
PACKAGE_VERSION='1.0'
PATH_SEPARATOR=':'
SET_MAKE=''
SHELL='/bin/sh'
STRIP=''
VERSION='1.0'
ac_ct_CC='gcc'
ac_ct_STRIP=''
am__fastdepCC_FALSE='#'
am__fastdepCC_TRUE=''
am__include='include'
am__leading_dot='.'
am__quote=''
am__tar='${AMTAR} chof - "$$tardir"'
am__untar='${AMTAR} xf -'
bindir='${exec_prefix}/bin'
build='x86_64-unknown-linux-gnu'
build_alias=''
build_cpu='x86_64'
build_os='linux-gnu'
build_vendor='unknown'
datadir='${prefix}/share'
exec_prefix='${prefix}'
host='x86_64-unknown-linux-gnu'
host_alias=''
host_cpu='x86_64'
host_os='linux-gnu'
host_vendor='unknown'
includedir='${prefix}/include'
infodir='${prefix}/info'
install_sh='/home/sniu/lab/x_ray/src/mthread_dark_avg/mthread_dark_avg/install-sh'
libdir='${exec_prefix}/lib'
libexecdir='${exec_prefix}/libexec'
localstatedir='${prefix}/var'
mandir='${prefix}/man'
mkdir_p='mkdir -p --'
oldincludedir='/usr/include'
prefix='/usr/local'
program_transform_name='s,x,x,'
sbindir='${exec_prefix}/sbin'
sharedstatedir='${prefix}/com'
sysconfdir='${prefix}/etc'
target='x86_64-unknown-linux-gnu'
target_alias=''
target_cpu='x86_64'
target_os='linux-gnu'
target_vendor='unknown'

## ----------- ##
## confdefs.h. ##
## ----------- ##

#define PACKAGE "mthread_dark_avg"
#define PACKAGE_BUGREPORT ""
#define PACKAGE_NAME "mthread_dark_avg"
#define PACKAGE_STRING "mthread_dark_avg 1.0"
#define PACKAGE_TARNAME "mthread_dark_avg"
#define PACKAGE_VERSION "1.0"
#define VERSION "1.0"

configure: exit 0
